\BOOKMARK [1][-]{section.1}{Introduction}{}% 1
\BOOKMARK [1][-]{section.2}{Preparation of The Models}{}% 2
\BOOKMARK [2][-]{subsection.2.1}{Assumptions}{section.2}% 3
\BOOKMARK [2][-]{subsection.2.2}{Notations}{section.2}% 4
\BOOKMARK [1][-]{section.3}{The Preliminary Model}{}% 5
\BOOKMARK [2][-]{subsection.3.1}{Carbon Cycle and Fungi}{section.3}% 6
\BOOKMARK [2][-]{subsection.3.2}{Construction of Fungal Growth Rate Model}{section.3}% 7
\BOOKMARK [3][-]{subsubsection.3.2.1}{Brief Introduction of Modeling Process}{subsection.3.2}% 8
\BOOKMARK [3][-]{subsubsection.3.2.2}{Verify and Interpret Mechanism}{subsection.3.2}% 9
\BOOKMARK [3][-]{subsubsection.3.2.3}{Simplified to Mathematical Model}{subsection.3.2}% 10
\BOOKMARK [2][-]{subsection.3.3}{Construction of Decomposition Rate Model}{section.3}% 11
\BOOKMARK [3][-]{subsubsection.3.3.1}{Brief Introduction of Modeling Process}{subsection.3.3}% 12
\BOOKMARK [3][-]{subsubsection.3.3.2}{Verify and Interpret Mechanism}{subsection.3.3}% 13
\BOOKMARK [3][-]{subsubsection.3.3.3}{Simplified to Mathematical Model}{subsection.3.3}% 14
\BOOKMARK [1][-]{section.4}{The Interactions Between Different Species of Fungi}{}% 15
\BOOKMARK [2][-]{subsection.4.1}{Fungi Classification}{section.4}% 16
\BOOKMARK [3][-]{subsubsection.4.1.1}{Assumptions Based on the Above Clustering Results}{subsection.4.1}% 17
\BOOKMARK [3][-]{subsubsection.4.1.2}{Analysis of Clustering Results}{subsection.4.1}% 18
\BOOKMARK [2][-]{subsection.4.2}{The Merging of Fungal Interactions}{section.4}% 19
\BOOKMARK [2][-]{subsection.4.3}{The Optimization of The Preliminary Model}{section.4}% 20
\BOOKMARK [3][-]{subsubsection.4.3.1}{Simplified to Mathematical Model}{subsection.4.3}% 21
\BOOKMARK [2][-]{subsection.4.4}{The Interactions Between the Different Types of Fungi}{section.4}% 22
\BOOKMARK [2][-]{subsection.4.5}{Examine the Sensitivity Rapid Fluctuations in the Environment}{section.4}% 23
\BOOKMARK [1][-]{section.5}{Predictions About The Relative Advantages And Disadvantages}{}% 24
\BOOKMARK [2][-]{subsection.5.1}{Predictions About The Relative Advantages And Disadvantages For Each Species And Combinations of Species}{section.5}% 25
\BOOKMARK [2][-]{subsection.5.2}{The Survival Of Species In Various Environments}{section.5}% 26
\BOOKMARK [1][-]{section.6}{Fungal Species Diversity And Ecological Protection}{}% 27
\BOOKMARK [2][-]{subsection.6.1}{Relationship between fungal species diversity and carbon dioxide}{section.6}% 28
\BOOKMARK [2][-]{subsection.6.2}{Model Simulation In Different Environments}{section.6}% 29
\BOOKMARK [2][-]{subsection.6.3}{Reasonable Explanation And Hypothesis}{section.6}% 30
\BOOKMARK [1][-]{section.7}{Two-page Article}{}% 31
\BOOKMARK [1][-]{Item.23}{References}{}% 32
